[0] Best ppl changed into 2.4317
[0] Best bleu+em changed into 8.77 (bleu: 8.77, em: 1.13)
[1] Best ppl changed into 2.3702
[1] Best bleu+em changed into 9.42 (bleu: 9.42, em: 1.69)
[2] Best ppl changed into 2.3682
[2] Best bleu+em changed into 10.92 (bleu: 10.92, em: 2.89)
[3] Best bleu+em changed into 11.13 (bleu: 11.13, em: 3.45)
[4] Best bleu+em changed into 11.68 (bleu: 11.68, em: 3.26)
[5] Best bleu+em changed into 11.81 (bleu: 11.81, em: 3.83)
[6] Best bleu+em changed into 11.85 (bleu: 11.85, em: 4.46)
[7] Best bleu+em changed into 12.47 (bleu: 12.47, em: 5.08)
[8] Best bleu+em changed into 12.99 (bleu: 12.99, em: 5.46)
[9] Best bleu+em changed into 13.19 (bleu: 13.19, em: 5.84)
[10] Best bleu+em changed into 13.32 (bleu: 13.32, em: 6.09)
[11] Best bleu+em changed into 13.38 (bleu: 13.38, em: 6.34)
[12] Best bleu+em changed into 13.64 (bleu: 13.64, em: 6.34)
[13] Best bleu+em (13.64) does not drop changed for 1 epochs, cur bleu+em: 13.36 (bleu: 13.36, em: 6.34)
[14] Best bleu+em (13.64) does not drop changed for 2 epochs, cur bleu+em: 13.56 (bleu: 13.56, em: 6.15)
[best-bleu] bleu-4: 13.21, em: 4.5265, codebleu: 0.0000
Finish and take 10m